build/app/intermediates/manifest_merge_blame_file/release/manifest-merger-blame-release-report.txt
1<?xml version="1.0" encoding="utf-8"?>
2<manifest xmlns:android="http://schemas.android.com/apk/res/android"
3    package="com.example.only_vets_client"
4    android:versionCode="1"
5    android:versionName="0.1.0" >
6
7    <uses-sdk
8        android:minSdkVersion="23"
8-->src\main\AndroidManifest.xml
9        android:targetSdkVersion="34" />
9-->src\main\AndroidManifest.xml
10
11    <uses-permission android:name="android.permission.CALL_PHONE" />
11-->src\main\AndroidManifest.xml:2:5-68
11-->src\main\AndroidManifest.xml:2:22-66
12    <uses-permission android:name="android.permission.INTERNET" />
12-->src\main\AndroidManifest.xml:3:5-66
12-->src\main\AndroidManifest.xml:3:22-64
13    <uses-permission android:name="android.permission.RECEIVE_BOOT_COMPLETED" />
13-->src\main\AndroidManifest.xml:4:5-80
13-->src\main\AndroidManifest.xml:4:22-78
14
15    <!--
16         Required to query activities that can process text, see:
17         https://developer.android.com/training/package-visibility and
18         https://developer.android.com/reference/android/content/Intent#ACTION_PROCESS_TEXT.
19         In particular, this is used by the Flutter engine in io.flutter.plugin.text.ProcessTextPlugin.
20    -->
21    <queries>
21-->src\main\AndroidManifest.xml:58:5-63:15
22        <intent>
22-->src\main\AndroidManifest.xml:59:9-62:18
23            <action android:name="android.intent.action.PROCESS_TEXT" />
23-->src\main\AndroidManifest.xml:60:13-72
23-->src\main\AndroidManifest.xml:60:21-70
24
25            <data android:mimeType="text/plain" />
25-->src\main\AndroidManifest.xml:61:13-50
25-->src\main\AndroidManifest.xml:61:19-48
26        </intent>
27    </queries>
28
29    <uses-permission android:name="android.permission.WAKE_LOCK" />
29-->[:firebase_messaging] AndroidManifest.xml:10:5-68
29-->[:firebase_messaging] AndroidManifest.xml:10:22-65
30    <uses-permission android:name="android.permission.ACCESS_NETWORK_STATE" /> <!-- Permissions options for the `notification` group -->
30-->[:firebase_messaging] AndroidManifest.xml:11:5-79
30-->[:firebase_messaging] AndroidManifest.xml:11:22-76
31    <uses-permission android:name="android.permission.POST_NOTIFICATIONS" />
31-->[:firebase_messaging] AndroidManifest.xml:13:5-77
31-->[:firebase_messaging] AndroidManifest.xml:13:22-74
32    <uses-permission android:name="android.permission.VIBRATE" />
32-->[:flutter_local_notifications] AndroidManifest.xml:9:5-66
32-->[:flutter_local_notifications] AndroidManifest.xml:9:22-63
33
34    <uses-feature
34-->[:flutter_phone_direct_caller] AndroidManifest.xml:11:5-13:36
35        android:name="android.hardware.telephony"
35-->[:flutter_phone_direct_caller] AndroidManifest.xml:12:9-50
36        android:required="false" />
36-->[:flutter_phone_direct_caller] AndroidManifest.xml:13:9-33
37
38    <uses-permission android:name="com.google.android.gms.permission.AD_ID" />
38-->[com.google.android.gms:play-services-measurement-api:22.0.1] AndroidManifest.xml:25:5-79
38-->[com.google.android.gms:play-services-measurement-api:22.0.1] AndroidManifest.xml:25:22-76
39    <uses-permission android:name="android.permission.ACCESS_ADSERVICES_ATTRIBUTION" />
39-->[com.google.android.gms:play-services-measurement-api:22.0.1] AndroidManifest.xml:26:5-88
39-->[com.google.android.gms:play-services-measurement-api:22.0.1] AndroidManifest.xml:26:22-85
40    <uses-permission android:name="android.permission.ACCESS_ADSERVICES_AD_ID" /> <!-- Required by older versions of Google Play services to create IID tokens -->
40-->[com.google.android.gms:play-services-measurement-api:22.0.1] AndroidManifest.xml:27:5-82
40-->[com.google.android.gms:play-services-measurement-api:22.0.1] AndroidManifest.xml:27:22-79
41    <uses-permission android:name="com.google.android.c2dm.permission.RECEIVE" />
41-->[com.google.firebase:firebase-messaging:24.0.0] AndroidManifest.xml:26:5-82
41-->[com.google.firebase:firebase-messaging:24.0.0] AndroidManifest.xml:26:22-79
42    <uses-permission android:name="com.google.android.providers.gsf.permission.READ_GSERVICES" />
42-->[com.google.android.recaptcha:recaptcha:18.4.0] AndroidManifest.xml:9:5-98
42-->[com.google.android.recaptcha:recaptcha:18.4.0] AndroidManifest.xml:9:22-95
43    <uses-permission android:name="com.google.android.finsky.permission.BIND_GET_INSTALL_REFERRER_SERVICE" />
43-->[com.google.android.gms:play-services-measurement:22.0.1] AndroidManifest.xml:26:5-110
43-->[com.google.android.gms:play-services-measurement:22.0.1] AndroidManifest.xml:26:22-107
44
45    <permission
45-->[androidx.core:core:1.10.1] AndroidManifest.xml:22:5-24:47
46        android:name="com.example.only_vets_client.DYNAMIC_RECEIVER_NOT_EXPORTED_PERMISSION"
46-->[androidx.core:core:1.10.1] AndroidManifest.xml:23:9-81
47        android:protectionLevel="signature" />
47-->[androidx.core:core:1.10.1] AndroidManifest.xml:24:9-44
48
49    <uses-permission android:name="com.example.only_vets_client.DYNAMIC_RECEIVER_NOT_EXPORTED_PERMISSION" />
49-->[androidx.core:core:1.10.1] AndroidManifest.xml:26:5-97
49-->[androidx.core:core:1.10.1] AndroidManifest.xml:26:22-94
50
51    <application
52        android:name="android.app.Application"
52-->src\main\AndroidManifest.xml:5:44-77
53        android:appComponentFactory="androidx.core.app.CoreComponentFactory"
53-->[androidx.core:core:1.10.1] AndroidManifest.xml:28:18-86
54        android:enableOnBackInvokedCallback="true"
54-->src\main\AndroidManifest.xml:5:115-157
55        android:extractNativeLibs="false"
56        android:icon="@mipmap/launcher_icon"
56-->src\main\AndroidManifest.xml:5:78-114
57        android:label="OrozcoVet" >
57-->src\main\AndroidManifest.xml:5:18-43
58        <activity
58-->src\main\AndroidManifest.xml:6:9-20:20
59            android:name="com.example.only_vets_client.MainActivity"
59-->src\main\AndroidManifest.xml:6:19-47
60            android:configChanges="orientation|keyboardHidden|keyboard|screenSize|smallestScreenSize|locale|layoutDirection|fontScale|screenLayout|density|uiMode"
60-->src\main\AndroidManifest.xml:6:162-312
61            android:exported="true"
61-->src\main\AndroidManifest.xml:6:48-71
62            android:hardwareAccelerated="true"
62-->src\main\AndroidManifest.xml:6:313-347
63            android:launchMode="singleTop"
63-->src\main\AndroidManifest.xml:6:72-102
64            android:taskAffinity=""
64-->src\main\AndroidManifest.xml:6:103-126
65            android:theme="@style/LaunchTheme"
65-->src\main\AndroidManifest.xml:6:127-161
66            android:windowSoftInputMode="adjustResize" >
66-->src\main\AndroidManifest.xml:6:348-390
67
68            <!-- Specify the intent-filter for the main activity -->
69            <intent-filter>
69-->src\main\AndroidManifest.xml:9:13-12:29
70                <action android:name="android.intent.action.MAIN" />
70-->src\main\AndroidManifest.xml:10:17-68
70-->src\main\AndroidManifest.xml:10:25-66
71
72                <category android:name="android.intent.category.LAUNCHER" />
72-->src\main\AndroidManifest.xml:11:17-76
72-->src\main\AndroidManifest.xml:11:27-74
73            </intent-filter>
74
75            <!-- Handle notification clicks -->
76            <intent-filter>
76-->src\main\AndroidManifest.xml:15:13-18:29
77                <action android:name="FLUTTER_NOTIFICATION_CLICK" />
77-->src\main\AndroidManifest.xml:16:17-68
77-->src\main\AndroidManifest.xml:16:25-66
78
79                <category android:name="android.intent.category.DEFAULT" />
79-->src\main\AndroidManifest.xml:17:17-75
79-->src\main\AndroidManifest.xml:17:27-73
80            </intent-filter>
81        </activity>
82
83        <!--
84             Don't delete the meta-data below.
85            This is used by the Flutter tool to generate GeneratedPluginRegistrant.java
86        -->
87        <meta-data
87-->src\main\AndroidManifest.xml:24:9-71
88            android:name="flutterEmbedding"
88-->src\main\AndroidManifest.xml:24:20-51
89            android:value="2" />
89-->src\main\AndroidManifest.xml:24:52-69
90        <meta-data
90-->src\main\AndroidManifest.xml:26:9-138
91            android:name="com.google.firebase.messaging.defa.ult_notification_icon"
91-->src\main\AndroidManifest.xml:26:20-91
92            android:resource="@drawable/ic_notification" />
92-->src\main\AndroidManifest.xml:26:92-136
93        <meta-data
93-->src\main\AndroidManifest.xml:27:9-154
94            android:name="com.google.firebase.messaging.default_notification_channel_id"
94-->src\main\AndroidManifest.xml:27:20-96
95            android:value="@string/default_notification_channel_id" />
95-->src\main\AndroidManifest.xml:27:97-152
96        <meta-data
96-->src\main\AndroidManifest.xml:29:9-99
97            android:name="com.google.android.gms.wallet.api.enabled"
97-->src\main\AndroidManifest.xml:29:20-76
98            android:value="true" />
98-->src\main\AndroidManifest.xml:29:77-97
99
100        <service
100-->src\main\AndroidManifest.xml:31:9-35:19
101            android:name="com.example.only_vets_client.firebase.MyFirebaseMessagingService"
101-->src\main\AndroidManifest.xml:31:18-69
102            android:exported="true" >
102-->src\main\AndroidManifest.xml:31:70-93
103            <intent-filter>
103-->src\main\AndroidManifest.xml:32:13-34:29
104                <action android:name="com.google.firebase.MESSAGING_EVENT" />
104-->src\main\AndroidManifest.xml:33:17-77
104-->src\main\AndroidManifest.xml:33:25-75
105            </intent-filter>
106        </service>
107
108        <receiver
108-->src\main\AndroidManifest.xml:37:9-43:20
109            android:name="com.google.firebase.iid.FirebaseInstanceIdReceiver"
109-->src\main\AndroidManifest.xml:37:19-84
110            android:exported="true"
110-->src\main\AndroidManifest.xml:37:85-108
111            android:permission="com.google.android.c2dm.permission.SEND" >
111-->src\main\AndroidManifest.xml:37:109-169
112            <intent-filter>
112-->src\main\AndroidManifest.xml:38:13-42:29
113                <action android:name="com.google.android.c2dm.intent.RECEIVE" />
113-->src\main\AndroidManifest.xml:39:17-80
113-->src\main\AndroidManifest.xml:39:25-78
114                <action android:name="com.google.android.c2dm.intent.REGISTRATION" />
114-->src\main\AndroidManifest.xml:40:17-85
114-->src\main\AndroidManifest.xml:40:25-83
115
116                <category android:name="com.example.only_vets_client" />
116-->src\main\AndroidManifest.xml:41:27-58
117            </intent-filter>
118            <intent-filter>
118-->[:firebase_messaging] AndroidManifest.xml:32:13-34:29
119                <action android:name="com.google.android.c2dm.intent.RECEIVE" />
119-->src\main\AndroidManifest.xml:39:17-80
119-->src\main\AndroidManifest.xml:39:25-78
120            </intent-filter>
121
122            <meta-data
122-->[com.google.firebase:firebase-messaging:24.0.0] AndroidManifest.xml:37:13-39:40
123                android:name="com.google.android.gms.cloudmessaging.FINISHED_AFTER_HANDLED"
123-->[com.google.firebase:firebase-messaging:24.0.0] AndroidManifest.xml:38:17-92
124                android:value="true" />
124-->[com.google.firebase:firebase-messaging:24.0.0] AndroidManifest.xml:39:17-37
125        </receiver>
126        <receiver
126-->src\main\AndroidManifest.xml:45:9-51:20
127            android:name="com.google.firebase.messaging.FirebaseMessagingReceiver"
127-->src\main\AndroidManifest.xml:45:19-89
128            android:enabled="true"
128-->src\main\AndroidManifest.xml:45:90-112
129            android:exported="true"
129-->src\main\AndroidManifest.xml:45:113-136
130            android:permission="android.permission.RECEIVE_BOOT_COMPLETED" >
130-->src\main\AndroidManifest.xml:45:137-199
131            <intent-filter>
131-->src\main\AndroidManifest.xml:46:13-50:29
132                <action android:name="android.intent.action.BOOT_COMPLETED" />
132-->src\main\AndroidManifest.xml:47:17-78
132-->src\main\AndroidManifest.xml:47:25-76
133                <action android:name="android.intent.action.REBOOT" />
133-->src\main\AndroidManifest.xml:48:17-70
133-->src\main\AndroidManifest.xml:48:25-68
134                <action android:name="android.intent.action.LOCKED_BOOT_COMPLETED" />
134-->src\main\AndroidManifest.xml:49:17-85
134-->src\main\AndroidManifest.xml:49:25-83
135            </intent-filter>
136        </receiver>
137
138        <service
138-->[:cloud_firestore] AndroidManifest.xml:10:9-14:19
139            android:name="com.google.firebase.components.ComponentDiscoveryService"
139-->[:cloud_firestore] AndroidManifest.xml:10:18-89
140            android:directBootAware="true"
140-->[com.google.firebase:firebase-common:21.0.0] AndroidManifest.xml:32:13-43
141            android:exported="false" >
141-->[com.google.firebase:firebase-firestore:25.0.0] AndroidManifest.xml:16:13-37
142            <meta-data
142-->[:cloud_firestore] AndroidManifest.xml:11:13-13:85
143                android:name="com.google.firebase.components:io.flutter.plugins.firebase.firestore.FlutterFirebaseFirestoreRegistrar"
143-->[:cloud_firestore] AndroidManifest.xml:12:17-134
144                android:value="com.google.firebase.components.ComponentRegistrar" />
144-->[:cloud_firestore] AndroidManifest.xml:13:17-82
145            <meta-data
145-->[:firebase_auth] AndroidManifest.xml:11:13-13:85
146                android:name="com.google.firebase.components:io.flutter.plugins.firebase.auth.FlutterFirebaseAuthRegistrar"
146-->[:firebase_auth] AndroidManifest.xml:12:17-124
147                android:value="com.google.firebase.components.ComponentRegistrar" />
147-->[:firebase_auth] AndroidManifest.xml:13:17-82
148            <meta-data
148-->[:firebase_messaging] AndroidManifest.xml:38:13-40:85
149                android:name="com.google.firebase.components:io.flutter.plugins.firebase.messaging.FlutterFirebaseAppRegistrar"
149-->[:firebase_messaging] AndroidManifest.xml:39:17-128
150                android:value="com.google.firebase.components.ComponentRegistrar" />
150-->[:firebase_messaging] AndroidManifest.xml:40:17-82
151            <meta-data
151-->[:firebase_core] AndroidManifest.xml:11:13-13:85
152                android:name="com.google.firebase.components:io.flutter.plugins.firebase.core.FlutterFirebaseCoreRegistrar"
152-->[:firebase_core] AndroidManifest.xml:12:17-124
153                android:value="com.google.firebase.components.ComponentRegistrar" />
153-->[:firebase_core] AndroidManifest.xml:13:17-82
154            <meta-data
154-->[com.google.firebase:firebase-firestore:25.0.0] AndroidManifest.xml:17:13-19:85
155                android:name="com.google.firebase.components:com.google.firebase.firestore.FirebaseFirestoreKtxRegistrar"
155-->[com.google.firebase:firebase-firestore:25.0.0] AndroidManifest.xml:18:17-122
156                android:value="com.google.firebase.components.ComponentRegistrar" />
156-->[com.google.firebase:firebase-firestore:25.0.0] AndroidManifest.xml:19:17-82
157            <meta-data
157-->[com.google.firebase:firebase-firestore:25.0.0] AndroidManifest.xml:20:13-22:85
158                android:name="com.google.firebase.components:com.google.firebase.firestore.FirestoreRegistrar"
158-->[com.google.firebase:firebase-firestore:25.0.0] AndroidManifest.xml:21:17-111
159                android:value="com.google.firebase.components.ComponentRegistrar" />
159-->[com.google.firebase:firebase-firestore:25.0.0] AndroidManifest.xml:22:17-82
160            <meta-data
160-->[com.google.firebase:firebase-auth:23.0.0] AndroidManifest.xml:69:13-71:85
161                android:name="com.google.firebase.components:com.google.firebase.auth.FirebaseAuthRegistrar"
161-->[com.google.firebase:firebase-auth:23.0.0] AndroidManifest.xml:70:17-109
162                android:value="com.google.firebase.components.ComponentRegistrar" />
162-->[com.google.firebase:firebase-auth:23.0.0] AndroidManifest.xml:71:17-82
163            <meta-data
163-->[com.google.android.gms:play-services-measurement-api:22.0.1] AndroidManifest.xml:37:13-39:85
164                android:name="com.google.firebase.components:com.google.firebase.analytics.connector.internal.AnalyticsConnectorRegistrar"
164-->[com.google.android.gms:play-services-measurement-api:22.0.1] AndroidManifest.xml:38:17-139
165                android:value="com.google.firebase.components.ComponentRegistrar" />
165-->[com.google.android.gms:play-services-measurement-api:22.0.1] AndroidManifest.xml:39:17-82
166            <meta-data
166-->[com.google.firebase:firebase-messaging-ktx:24.0.0] AndroidManifest.xml:26:13-28:85
167                android:name="com.google.firebase.components:com.google.firebase.messaging.ktx.FirebaseMessagingLegacyRegistrar"
167-->[com.google.firebase:firebase-messaging-ktx:24.0.0] AndroidManifest.xml:27:17-129
168                android:value="com.google.firebase.components.ComponentRegistrar" />
168-->[com.google.firebase:firebase-messaging-ktx:24.0.0] AndroidManifest.xml:28:17-82
169            <meta-data
169-->[com.google.firebase:firebase-messaging:24.0.0] AndroidManifest.xml:57:13-59:85
170                android:name="com.google.firebase.components:com.google.firebase.messaging.FirebaseMessagingKtxRegistrar"
170-->[com.google.firebase:firebase-messaging:24.0.0] AndroidManifest.xml:58:17-122
171                android:value="com.google.firebase.components.ComponentRegistrar" />
171-->[com.google.firebase:firebase-messaging:24.0.0] AndroidManifest.xml:59:17-82
172            <meta-data
172-->[com.google.firebase:firebase-messaging:24.0.0] AndroidManifest.xml:60:13-62:85
173                android:name="com.google.firebase.components:com.google.firebase.messaging.FirebaseMessagingRegistrar"
173-->[com.google.firebase:firebase-messaging:24.0.0] AndroidManifest.xml:61:17-119
174                android:value="com.google.firebase.components.ComponentRegistrar" />
174-->[com.google.firebase:firebase-messaging:24.0.0] AndroidManifest.xml:62:17-82
175            <meta-data
175-->[com.google.firebase:firebase-installations:18.0.0] AndroidManifest.xml:15:13-17:85
176                android:name="com.google.firebase.components:com.google.firebase.installations.FirebaseInstallationsKtxRegistrar"
176-->[com.google.firebase:firebase-installations:18.0.0] AndroidManifest.xml:16:17-130
177                android:value="com.google.firebase.components.ComponentRegistrar" />
177-->[com.google.firebase:firebase-installations:18.0.0] AndroidManifest.xml:17:17-82
178            <meta-data
178-->[com.google.firebase:firebase-installations:18.0.0] AndroidManifest.xml:18:13-20:85
179                android:name="com.google.firebase.components:com.google.firebase.installations.FirebaseInstallationsRegistrar"
179-->[com.google.firebase:firebase-installations:18.0.0] AndroidManifest.xml:19:17-127
180                android:value="com.google.firebase.components.ComponentRegistrar" />
180-->[com.google.firebase:firebase-installations:18.0.0] AndroidManifest.xml:20:17-82
181            <meta-data
181-->[com.google.firebase:firebase-common-ktx:21.0.0] AndroidManifest.xml:12:13-14:85
182                android:name="com.google.firebase.components:com.google.firebase.ktx.FirebaseCommonLegacyRegistrar"
182-->[com.google.firebase:firebase-common-ktx:21.0.0] AndroidManifest.xml:13:17-116
183                android:value="com.google.firebase.components.ComponentRegistrar" />
183-->[com.google.firebase:firebase-common-ktx:21.0.0] AndroidManifest.xml:14:17-82
184            <meta-data
184-->[com.google.firebase:firebase-common:21.0.0] AndroidManifest.xml:35:13-37:85
185                android:name="com.google.firebase.components:com.google.firebase.FirebaseCommonKtxRegistrar"
185-->[com.google.firebase:firebase-common:21.0.0] AndroidManifest.xml:36:17-109
186                android:value="com.google.firebase.components.ComponentRegistrar" />
186-->[com.google.firebase:firebase-common:21.0.0] AndroidManifest.xml:37:17-82
187            <meta-data
187-->[com.google.firebase:firebase-datatransport:18.2.0] AndroidManifest.xml:25:13-27:85
188                android:name="com.google.firebase.components:com.google.firebase.datatransport.TransportRegistrar"
188-->[com.google.firebase:firebase-datatransport:18.2.0] AndroidManifest.xml:26:17-115
189                android:value="com.google.firebase.components.ComponentRegistrar" />
189-->[com.google.firebase:firebase-datatransport:18.2.0] AndroidManifest.xml:27:17-82
190        </service>
191        <service
191-->[:firebase_messaging] AndroidManifest.xml:16:9-19:72
192            android:name="io.flutter.plugins.firebase.messaging.FlutterFirebaseMessagingBackgroundService"
192-->[:firebase_messaging] AndroidManifest.xml:17:13-107
193            android:exported="false"
193-->[:firebase_messaging] AndroidManifest.xml:18:13-37
194            android:permission="android.permission.BIND_JOB_SERVICE" />
194-->[:firebase_messaging] AndroidManifest.xml:19:13-69
195        <service
195-->[:firebase_messaging] AndroidManifest.xml:20:9-26:19
196            android:name="io.flutter.plugins.firebase.messaging.FlutterFirebaseMessagingService"
196-->[:firebase_messaging] AndroidManifest.xml:21:13-97
197            android:exported="false" >
197-->[:firebase_messaging] AndroidManifest.xml:22:13-37
198            <intent-filter>
198-->src\main\AndroidManifest.xml:32:13-34:29
199                <action android:name="com.google.firebase.MESSAGING_EVENT" />
199-->src\main\AndroidManifest.xml:33:17-77
199-->src\main\AndroidManifest.xml:33:25-75
200            </intent-filter>
201        </service>
202
203        <receiver
203-->[:firebase_messaging] AndroidManifest.xml:28:9-35:20
204            android:name="io.flutter.plugins.firebase.messaging.FlutterFirebaseMessagingReceiver"
204-->[:firebase_messaging] AndroidManifest.xml:29:13-98
205            android:exported="true"
205-->[:firebase_messaging] AndroidManifest.xml:30:13-36
206            android:permission="com.google.android.c2dm.permission.SEND" >
206-->[:firebase_messaging] AndroidManifest.xml:31:13-73
207            <intent-filter>
207-->[:firebase_messaging] AndroidManifest.xml:32:13-34:29
208                <action android:name="com.google.android.c2dm.intent.RECEIVE" />
208-->src\main\AndroidManifest.xml:39:17-80
208-->src\main\AndroidManifest.xml:39:25-78
209            </intent-filter>
210        </receiver>
211
212        <provider
212-->[:firebase_messaging] AndroidManifest.xml:43:9-47:38
213            android:name="io.flutter.plugins.firebase.messaging.FlutterFirebaseMessagingInitProvider"
213-->[:firebase_messaging] AndroidManifest.xml:44:13-102
214            android:authorities="com.example.only_vets_client.flutterfirebasemessaginginitprovider"
214-->[:firebase_messaging] AndroidManifest.xml:45:13-88
215            android:exported="false"
215-->[:firebase_messaging] AndroidManifest.xml:46:13-37
216            android:initOrder="99" />
216-->[:firebase_messaging] AndroidManifest.xml:47:13-35
217
218        <receiver
218-->[:push_android] AndroidManifest.xml:12:9-19:20
219            android:name="uk.orth.push.FirebaseMessagingReceiver"
219-->[:push_android] AndroidManifest.xml:13:13-66
220            android:exported="true"
220-->[:push_android] AndroidManifest.xml:14:13-36
221            android:permission="com.google.android.c2dm.permission.SEND" >
221-->[:push_android] AndroidManifest.xml:15:13-73
222            <intent-filter>
222-->[:firebase_messaging] AndroidManifest.xml:32:13-34:29
223                <action android:name="com.google.android.c2dm.intent.RECEIVE" />
223-->src\main\AndroidManifest.xml:39:17-80
223-->src\main\AndroidManifest.xml:39:25-78
224            </intent-filter>
225        </receiver>
226
227        <service
227-->[:push_android] AndroidManifest.xml:21:9-27:19
228            android:name="uk.orth.push.MessagingService"
228-->[:push_android] AndroidManifest.xml:22:13-57
229            android:exported="false" >
229-->[:push_android] AndroidManifest.xml:23:13-37
230            <intent-filter>
230-->src\main\AndroidManifest.xml:32:13-34:29
231                <action android:name="com.google.firebase.MESSAGING_EVENT" />
231-->src\main\AndroidManifest.xml:33:17-77
231-->src\main\AndroidManifest.xml:33:25-75
232            </intent-filter>
233        </service>
234
235        <activity
235-->[:url_launcher_android] AndroidManifest.xml:10:9-13:74
236            android:name="io.flutter.plugins.urllauncher.WebViewActivity"
236-->[:url_launcher_android] AndroidManifest.xml:11:13-74
237            android:exported="false"
237-->[:url_launcher_android] AndroidManifest.xml:12:13-37
238            android:theme="@android:style/Theme.NoTitleBar.Fullscreen" />
238-->[:url_launcher_android] AndroidManifest.xml:13:13-71
239        <activity
239-->[com.google.firebase:firebase-auth:23.0.0] AndroidManifest.xml:29:9-46:20
240            android:name="com.google.firebase.auth.internal.GenericIdpActivity"
240-->[com.google.firebase:firebase-auth:23.0.0] AndroidManifest.xml:30:13-80
241            android:excludeFromRecents="true"
241-->[com.google.firebase:firebase-auth:23.0.0] AndroidManifest.xml:31:13-46
242            android:exported="true"
242-->[com.google.firebase:firebase-auth:23.0.0] AndroidManifest.xml:32:13-36
243            android:launchMode="singleTask"
243-->[com.google.firebase:firebase-auth:23.0.0] AndroidManifest.xml:33:13-44
244            android:theme="@android:style/Theme.Translucent.NoTitleBar" >
244-->[com.google.firebase:firebase-auth:23.0.0] AndroidManifest.xml:34:13-72
245            <intent-filter>
245-->[com.google.firebase:firebase-auth:23.0.0] AndroidManifest.xml:35:13-45:29
246                <action android:name="android.intent.action.VIEW" />
246-->[com.google.firebase:firebase-auth:23.0.0] AndroidManifest.xml:36:17-69
246-->[com.google.firebase:firebase-auth:23.0.0] AndroidManifest.xml:36:25-66
247
248                <category android:name="android.intent.category.DEFAULT" />
248-->src\main\AndroidManifest.xml:17:17-75
248-->src\main\AndroidManifest.xml:17:27-73
249                <category android:name="android.intent.category.BROWSABLE" />
249-->[com.google.firebase:firebase-auth:23.0.0] AndroidManifest.xml:39:17-78
249-->[com.google.firebase:firebase-auth:23.0.0] AndroidManifest.xml:39:27-75
250
251                <data
251-->src\main\AndroidManifest.xml:61:13-50
252                    android:host="firebase.auth"
253                    android:path="/"
254                    android:scheme="genericidp" />
255            </intent-filter>
256        </activity>
257        <activity
257-->[com.google.firebase:firebase-auth:23.0.0] AndroidManifest.xml:47:9-64:20
258            android:name="com.google.firebase.auth.internal.RecaptchaActivity"
258-->[com.google.firebase:firebase-auth:23.0.0] AndroidManifest.xml:48:13-79
259            android:excludeFromRecents="true"
259-->[com.google.firebase:firebase-auth:23.0.0] AndroidManifest.xml:49:13-46
260            android:exported="true"
260-->[com.google.firebase:firebase-auth:23.0.0] AndroidManifest.xml:50:13-36
261            android:launchMode="singleTask"
261-->[com.google.firebase:firebase-auth:23.0.0] AndroidManifest.xml:51:13-44
262            android:theme="@android:style/Theme.Translucent.NoTitleBar" >
262-->[com.google.firebase:firebase-auth:23.0.0] AndroidManifest.xml:52:13-72
263            <intent-filter>
263-->[com.google.firebase:firebase-auth:23.0.0] AndroidManifest.xml:53:13-63:29
264                <action android:name="android.intent.action.VIEW" />
264-->[com.google.firebase:firebase-auth:23.0.0] AndroidManifest.xml:36:17-69
264-->[com.google.firebase:firebase-auth:23.0.0] AndroidManifest.xml:36:25-66
265
266                <category android:name="android.intent.category.DEFAULT" />
266-->src\main\AndroidManifest.xml:17:17-75
266-->src\main\AndroidManifest.xml:17:27-73
267                <category android:name="android.intent.category.BROWSABLE" />
267-->[com.google.firebase:firebase-auth:23.0.0] AndroidManifest.xml:39:17-78
267-->[com.google.firebase:firebase-auth:23.0.0] AndroidManifest.xml:39:27-75
268
269                <data
269-->src\main\AndroidManifest.xml:61:13-50
270                    android:host="firebase.auth"
271                    android:path="/"
272                    android:scheme="recaptcha" />
273            </intent-filter>
274        </activity>
275
276        <property
276-->[com.google.android.gms:play-services-measurement-api:22.0.1] AndroidManifest.xml:30:9-32:61
277            android:name="android.adservices.AD_SERVICES_CONFIG"
277-->[com.google.android.gms:play-services-measurement-api:22.0.1] AndroidManifest.xml:31:13-65
278            android:resource="@xml/ga_ad_services_config" />
278-->[com.google.android.gms:play-services-measurement-api:22.0.1] AndroidManifest.xml:32:13-58
279        <!--
280             FirebaseMessagingService performs security checks at runtime,
281             but set to not exported to explicitly avoid allowing another app to call it.
282        -->
283        <service
283-->[com.google.firebase:firebase-messaging:24.0.0] AndroidManifest.xml:46:9-53:19
284            android:name="com.google.firebase.messaging.FirebaseMessagingService"
284-->[com.google.firebase:firebase-messaging:24.0.0] AndroidManifest.xml:47:13-82
285            android:directBootAware="true"
285-->[com.google.firebase:firebase-messaging:24.0.0] AndroidManifest.xml:48:13-43
286            android:exported="false" >
286-->[com.google.firebase:firebase-messaging:24.0.0] AndroidManifest.xml:49:13-37
287            <intent-filter android:priority="-500" >
287-->src\main\AndroidManifest.xml:32:13-34:29
288                <action android:name="com.google.firebase.MESSAGING_EVENT" />
288-->src\main\AndroidManifest.xml:33:17-77
288-->src\main\AndroidManifest.xml:33:25-75
289            </intent-filter>
290        </service>
291        <service
291-->[androidx.credentials:credentials-play-services-auth:1.2.0-rc01] AndroidManifest.xml:24:9-32:19